================================================================================
process logger: Thu May  9 16:31:35 2019
================================================================================

{'pid': 1, 'vms': 117.35546875, 'username': 'root', 'name': 'systemd'}
{'pid': 2, 'vms': 0.0, 'username': 'root', 'name': 'kthreadd'}
{'pid': 3, 'vms': 0.0, 'username': 'root', 'name': 'ksoftirqd/0'}
{'pid': 5, 'vms': 0.0, 'username': 'root', 'name': 'kworker/0:0H'}
{'pid': 7, 'vms': 0.0, 'username': 'root', 'name': 'rcu_sched'}
{'pid': 8, 'vms': 0.0, 'username': 'root', 'name': 'rcu_bh'}
{'pid': 9, 'vms': 0.0, 'username': 'root', 'name': 'migration/0'}
{'pid': 10, 'vms': 0.0, 'username': 'root', 'name': 'watchdog/0'}
{'pid': 11, 'vms': 0.0, 'username': 'root', 'name': 'watchdog/1'}
{'pid': 12, 'vms': 0.0, 'username': 'root', 'name': 'migration/1'}
{'pid': 13, 'vms': 0.0, 'username': 'root', 'name': 'ksoftirqd/1'}
{'pid': 15, 'vms': 0.0, 'username': 'root', 'name': 'kworker/1:0H'}
{'pid': 16, 'vms': 0.0, 'username': 'root', 'name': 'watchdog/2'}
{'pid': 17, 'vms': 0.0, 'username': 'root', 'name': 'migration/2'}
{'pid': 18, 'vms': 0.0, 'username': 'root', 'name': 'ksoftirqd/2'}
{'pid': 20, 'vms': 0.0, 'username': 'root', 'name': 'kworker/2:0H'}
{'pid': 21, 'vms': 0.0, 'username': 'root', 'name': 'watchdog/3'}
{'pid': 22, 'vms': 0.0, 'username': 'root', 'name': 'migration/3'}
{'pid': 23, 'vms': 0.0, 'username': 'root', 'name': 'ksoftirqd/3'}
{'pid': 25, 'vms': 0.0, 'username': 'root', 'name': 'kworker/3:0H'}
{'pid': 26, 'vms': 0.0, 'username': 'root', 'name': 'kdevtmpfs'}
{'pid': 27, 'vms': 0.0, 'username': 'root', 'name': 'netns'}
{'pid': 28, 'vms': 0.0, 'username': 'root', 'name': 'perf'}
{'pid': 29, 'vms': 0.0, 'username': 'root', 'name': 'khungtaskd'}
{'pid': 30, 'vms': 0.0, 'username': 'root', 'name': 'writeback'}
{'pid': 31, 'vms': 0.0, 'username': 'root', 'name': 'ksmd'}
{'pid': 32, 'vms': 0.0, 'username': 'root', 'name': 'khugepaged'}
{'pid': 33, 'vms': 0.0, 'username': 'root', 'name': 'crypto'}
{'pid': 34, 'vms': 0.0, 'username': 'root', 'name': 'kintegrityd'}
{'pid': 35, 'vms': 0.0, 'username': 'root', 'name': 'bioset'}
{'pid': 36, 'vms': 0.0, 'username': 'root', 'name': 'kblockd'}
{'pid': 37, 'vms': 0.0, 'username': 'root', 'name': 'ata_sff'}
{'pid': 38, 'vms': 0.0, 'username': 'root', 'name': 'md'}
{'pid': 39, 'vms': 0.0, 'username': 'root', 'name': 'devfreq_wq'}
{'pid': 47, 'vms': 0.0, 'username': 'root', 'name': 'kswapd0'}
{'pid': 48, 'vms': 0.0, 'username': 'root', 'name': 'vmstat'}
{'pid': 49, 'vms': 0.0, 'username': 'root', 'name': 'fsnotify_mark'}
{'pid': 50, 'vms': 0.0, 'username': 'root', 'name': 'ecryptfs-kthrea'}
{'pid': 66, 'vms': 0.0, 'username': 'root', 'name': 'kthrotld'}
{'pid': 67, 'vms': 0.0, 'username': 'root', 'name': 'acpi_thermal_pm'}
{'pid': 69, 'vms': 0.0, 'username': 'root', 'name': 'bioset'}
{'pid': 70, 'vms': 0.0, 'username': 'root', 'name': 'bioset'}
{'pid': 71, 'vms': 0.0, 'username': 'root', 'name': 'bioset'}
{'pid': 72, 'vms': 0.0, 'username': 'root', 'name': 'bioset'}
{'pid': 73, 'vms': 0.0, 'username': 'root', 'name': 'bioset'}
{'pid': 74, 'vms': 0.0, 'username': 'root', 'name': 'bioset'}
{'pid': 75, 'vms': 0.0, 'username': 'root', 'name': 'bioset'}
{'pid': 76, 'vms': 0.0, 'username': 'root', 'name': 'bioset'}
{'pid': 80, 'vms': 0.0, 'username': 'root', 'name': 'ipv6_addrconf'}
{'pid': 94, 'vms': 0.0, 'username': 'root', 'name': 'deferwq'}
{'pid': 95, 'vms': 0.0, 'username': 'root', 'name': 'charger_manager'}
{'pid': 140, 'vms': 0.0, 'username': 'root', 'name': 'scsi_eh_0'}
{'pid': 141, 'vms': 0.0, 'username': 'root', 'name': 'scsi_tmf_0'}
{'pid': 142, 'vms': 0.0, 'username': 'root', 'name': 'scsi_eh_1'}
{'pid': 143, 'vms': 0.0, 'username': 'root', 'name': 'scsi_tmf_1'}
{'pid': 144, 'vms': 0.0, 'username': 'root', 'name': 'scsi_eh_2'}
{'pid': 145, 'vms': 0.0, 'username': 'root', 'name': 'scsi_tmf_2'}
{'pid': 147, 'vms': 0.0, 'username': 'root', 'name': 'nvme'}
{'pid': 148, 'vms': 0.0, 'username': 'root', 'name': 'rtsx_pci_sdmmc_'}
{'pid': 149, 'vms': 0.0, 'username': 'root', 'name': 'bioset'}
{'pid': 150, 'vms': 0.0, 'username': 'root', 'name': 'bioset'}
{'pid': 265, 'vms': 0.0, 'username': 'root', 'name': 'bioset'}
{'pid': 291, 'vms': 0.0, 'username': 'root', 'name': 'kworker/0:1H'}
{'pid': 292, 'vms': 0.0, 'username': 'root', 'name': 'kworker/1:1H'}
{'pid': 293, 'vms': 0.0, 'username': 'root', 'name': 'kworker/3:1H'}
{'pid': 294, 'vms': 0.0, 'username': 'root', 'name': 'kworker/2:1H'}
{'pid': 296, 'vms': 0.0, 'username': 'root', 'name': 'jbd2/nvme0n1p3-'}
{'pid': 297, 'vms': 0.0, 'username': 'root', 'name': 'ext4-rsv-conver'}
{'pid': 329, 'vms': 0.0, 'username': 'root', 'name': 'kauditd'}
{'pid': 347, 'vms': 34.64453125, 'username': 'root', 'name': 'systemd-journald'}
{'pid': 386, 'vms': 44.37109375, 'username': 'root', 'name': 'systemd-udevd'}
{'pid': 390, 'vms': 0.0, 'username': 'root', 'name': 'loop0'}
{'pid': 438, 'vms': 0.0, 'username': 'root', 'name': 'loop1'}
{'pid': 457, 'vms': 0.0, 'username': 'root', 'name': 'loop2'}
{'pid': 463, 'vms': 0.0, 'username': 'root', 'name': 'loop3'}
{'pid': 468, 'vms': 0.0, 'username': 'root', 'name': 'loop4'}
{'pid': 469, 'vms': 0.0, 'username': 'root', 'name': 'irq/67-smo8800'}
{'pid': 480, 'vms': 0.0, 'username': 'root', 'name': 'loop5'}
{'pid': 500, 'vms': 0.0, 'username': 'root', 'name': 'loop6'}
{'pid': 535, 'vms': 0.0, 'username': 'root', 'name': 'loop7'}
{'pid': 574, 'vms': 0.0, 'username': 'root', 'name': 'bioset'}
{'pid': 576, 'vms': 0.0, 'username': 'root', 'name': 'loop8'}
{'pid': 577, 'vms': 0.0, 'username': 'root', 'name': 'bioset'}
{'pid': 588, 'vms': 0.0, 'username': 'root', 'name': 'loop9'}
{'pid': 596, 'vms': 0.0, 'username': 'root', 'name': 'bioset'}
{'pid': 597, 'vms': 0.0, 'username': 'root', 'name': 'loop10'}
{'pid': 600, 'vms': 0.0, 'username': 'root', 'name': 'bioset'}
{'pid': 602, 'vms': 0.0, 'username': 'root', 'name': 'loop11'}
{'pid': 628, 'vms': 0.0, 'username': 'root', 'name': 'bioset'}
{'pid': 629, 'vms': 0.0, 'username': 'root', 'name': 'loop12'}
{'pid': 631, 'vms': 0.0, 'username': 'root', 'name': 'bioset'}
{'pid': 632, 'vms': 0.0, 'username': 'root', 'name': 'kvm-irqfd-clean'}
{'pid': 634, 'vms': 0.0, 'username': 'root', 'name': 'kmemstick'}
{'pid': 635, 'vms': 0.0, 'username': 'root', 'name': 'cfg80211'}
{'pid': 639, 'vms': 0.0, 'username': 'root', 'name': 'loop13'}
{'pid': 640, 'vms': 0.0, 'username': 'root', 'name': 'bioset'}
{'pid': 641, 'vms': 0.0, 'username': 'root', 'name': 'irq/136-iwlwifi'}
{'pid': 649, 'vms': 0.0, 'username': 'root', 'name': 'loop14'}
{'pid': 670, 'vms': 0.0, 'username': 'root', 'name': 'kworker/u9:0'}
{'pid': 687, 'vms': 0.0, 'username': 'root', 'name': 'bioset'}
{'pid': 689, 'vms': 0.0, 'username': 'root', 'name': 'loop15'}
{'pid': 690, 'vms': 0.0, 'username': 'root', 'name': 'bioset'}
{'pid': 706, 'vms': 0.0, 'username': 'root', 'name': 'loop16'}
{'pid': 715, 'vms': 0.0, 'username': 'root', 'name': 'bioset'}
{'pid': 716, 'vms': 0.0, 'username': 'root', 'name': 'loop17'}
{'pid': 717, 'vms': 0.0, 'username': 'root', 'name': 'bioset'}
{'pid': 718, 'vms': 0.0, 'username': 'root', 'name': 'kworker/u9:1'}
{'pid': 728, 'vms': 0.0, 'username': 'root', 'name': 'loop18'}
{'pid': 729, 'vms': 0.0, 'username': 'root', 'name': 'bioset'}
{'pid': 742, 'vms': 0.0, 'username': 'root', 'name': 'loop19'}
{'pid': 754, 'vms': 0.0, 'username': 'root', 'name': 'bioset'}
{'pid': 755, 'vms': 0.0, 'username': 'root', 'name': 'loop20'}
{'pid': 770, 'vms': 0.0, 'username': 'root', 'name': 'bioset'}
{'pid': 771, 'vms': 0.0, 'username': 'root', 'name': 'loop21'}
{'pid': 790, 'vms': 0.0, 'username': 'root', 'name': 'bioset'}
{'pid': 791, 'vms': 0.0, 'username': 'root', 'name': 'loop22'}
{'pid': 812, 'vms': 0.0, 'username': 'root', 'name': 'bioset'}
{'pid': 818, 'vms': 0.0, 'username': 'root', 'name': 'loop23'}
{'pid': 831, 'vms': 0.0, 'username': 'root', 'name': 'bioset'}
{'pid': 832, 'vms': 0.0, 'username': 'root', 'name': 'loop24'}
{'pid': 841, 'vms': 0.0, 'username': 'root', 'name': 'bioset'}
{'pid': 843, 'vms': 0.0, 'username': 'root', 'name': 'loop25'}
{'pid': 980, 'vms': 0.0, 'username': 'root', 'name': 'irq/51-DLL07D1:'}
{'pid': 1221, 'vms': 99.984375, 'username': 'systemd-timesync', 'name': 'systemd-timesyncd'}
{'pid': 1228, 'vms': 25.43359375, 'username': 'root', 'name': 'atd'}
{'pid': 1233, 'vms': 250.3828125, 'username': 'syslog', 'name': 'rsyslogd'}
{'pid': 1235, 'vms': 91.39453125, 'username': 'root', 'name': 'cupsd'}
{'pid': 1238, 'vms': 43.328125, 'username': 'messagebus', 'name': 'dbus-daemon'}
{'pid': 1253, 'vms': 28.05859375, 'username': 'root', 'name': 'systemd-logind'}
{'pid': 1254, 'vms': 28.328125, 'username': 'root', 'name': 'cron'}
{'pid': 1256, 'vms': 269.3984375, 'username': 'root', 'name': 'accounts-daemon'}
{'pid': 1259, 'vms': 403.83984375, 'username': 'root', 'name': 'ModemManager'}
{'pid': 1266, 'vms': 4.29296875, 'username': 'root', 'name': 'acpid'}
{'pid': 1267, 'vms': 43.98828125, 'username': 'avahi', 'name': 'avahi-daemon'}
{'pid': 1278, 'vms': 31.20703125, 'username': 'root', 'name': 'bluetoothd'}
{'pid': 1282, 'vms': 162.5234375, 'username': 'root', 'name': 'thermald'}
{'pid': 1285, 'vms': 583.20703125, 'username': 'root', 'name': 'NetworkManager'}
{'pid': 1298, 'vms': 43.734375, 'username': 'avahi', 'name': 'avahi-daemon'}
{'pid': 1315, 'vms': 538.25, 'username': 'root', 'name': 'snapd'}
{'pid': 1364, 'vms': 19.109375, 'username': 'root', 'name': 'irqbalance'}
{'pid': 1391, 'vms': 275.34375, 'username': 'root', 'name': 'polkitd'}
{'pid': 1397, 'vms': 294.08203125, 'username': 'colord', 'name': 'colord'}
{'pid': 1398, 'vms': 268.5078125, 'username': 'root', 'name': 'cups-browsed'}
{'pid': 1402, 'vms': 1146.01171875, 'username': 'mysql', 'name': 'mysqld'}
{'pid': 1425, 'vms': 79.33984375, 'username': 'lp', 'name': 'dbus'}
{'pid': 1454, 'vms': 342.16796875, 'username': 'root', 'name': 'lightdm'}
{'pid': 1743, 'vms': 0.0, 'username': 'root', 'name': 'bioset'}
{'pid': 1800, 'vms': 715.265625, 'username': 'root', 'name': 'Xorg'}
{'pid': 1827, 'vms': 43.00390625, 'username': 'root', 'name': 'wpa_supplicant'}
{'pid': 2039, 'vms': 240.7890625, 'username': 'root', 'name': 'lightdm'}
{'pid': 2060, 'vms': 44.34375, 'username': 'inarvekar', 'name': 'systemd'}
{'pid': 2063, 'vms': 80.19140625, 'username': 'inarvekar', 'name': '(sd-pam)'}
{'pid': 2069, 'vms': 45.3828125, 'username': 'inarvekar', 'name': 'upstart'}
{'pid': 2187, 'vms': 32.08984375, 'username': 'inarvekar', 'name': 'upstart-udev-bridge'}
{'pid': 2198, 'vms': 43.2265625, 'username': 'inarvekar', 'name': 'dbus-daemon'}
{'pid': 2210, 'vms': 84.3203125, 'username': 'inarvekar', 'name': 'window-stack-bridge'}
{'pid': 2220, 'vms': 207.55078125, 'username': 'inarvekar', 'name': 'gnome-keyring-daemon'}
{'pid': 2265, 'vms': 582.09765625, 'username': 'inarvekar', 'name': 'bamfdaemon'}
{'pid': 2269, 'vms': 40.31640625, 'username': 'inarvekar', 'name': 'upstart-file-bridge'}
{'pid': 2270, 'vms': 32.0234375, 'username': 'inarvekar', 'name': 'upstart-dbus-bridge'}
{'pid': 2271, 'vms': 32.09375, 'username': 'inarvekar', 'name': 'upstart-dbus-bridge'}
{'pid': 2287, 'vms': 339.39453125, 'username': 'inarvekar', 'name': 'ibus-daemon'}
{'pid': 2293, 'vms': 268.08203125, 'username': 'inarvekar', 'name': 'gvfsd'}
{'pid': 2303, 'vms': 397.328125, 'username': 'inarvekar', 'name': 'gvfsd-fuse'}
{'pid': 2305, 'vms': 258.08203125, 'username': 'inarvekar', 'name': 'ibus-dconf'}
{'pid': 2307, 'vms': 472.1875, 'username': 'inarvekar', 'name': 'ibus-ui-gtk3'}
{'pid': 2311, 'vms': 423.6484375, 'username': 'inarvekar', 'name': 'ibus-x11'}
{'pid': 2314, 'vms': 330.09375, 'username': 'inarvekar', 'name': 'at-spi-bus-launcher'}
{'pid': 2332, 'vms': 42.01171875, 'username': 'inarvekar', 'name': 'dbus-daemon'}
{'pid': 2347, 'vms': 202.015625, 'username': 'inarvekar', 'name': 'at-spi2-registryd'}
{'pid': 2432, 'vms': 183.97265625, 'username': 'inarvekar', 'name': 'ibus-engine-simple'}
{'pid': 2557, 'vms': 717.94140625, 'username': 'inarvekar', 'name': 'hud-service'}
{'pid': 2560, 'vms': 912.6796875, 'username': 'inarvekar', 'name': 'unity-settings-daemon'}
{'pid': 2591, 'vms': 557.7265625, 'username': 'inarvekar', 'name': 'gnome-session-binary'}
{'pid': 2626, 'vms': 650.00390625, 'username': 'inarvekar', 'name': 'unity-panel-service'}
{'pid': 2708, 'vms': 174.73046875, 'username': 'inarvekar', 'name': 'dconf-service'}
{'pid': 2728, 'vms': 1490.4609375, 'username': 'inarvekar', 'name': 'compiz'}
{'pid': 2786, 'vms': 339.390625, 'username': 'root', 'name': 'upowerd'}
{'pid': 2830, 'vms': 502.93359375, 'username': 'inarvekar', 'name': 'gnome-screensaver'}
{'pid': 2860, 'vms': 346.25390625, 'username': 'inarvekar', 'name': 'indicator-messages-service'}
{'pid': 2861, 'vms': 397.58984375, 'username': 'inarvekar', 'name': 'indicator-bluetooth-service'}
{'pid': 2862, 'vms': 764.6171875, 'username': 'inarvekar', 'name': 'indicator-power-service'}
{'pid': 2863, 'vms': 1204.0390625, 'username': 'inarvekar', 'name': 'indicator-datetime-service'}
{'pid': 2874, 'vms': 640.88671875, 'username': 'inarvekar', 'name': 'indicator-keyboard-service'}
{'pid': 2875, 'vms': 719.73828125, 'username': 'inarvekar', 'name': 'indicator-sound-service'}
{'pid': 2876, 'vms': 540.61328125, 'username': 'inarvekar', 'name': 'indicator-printers-service'}
{'pid': 2877, 'vms': 930.5546875, 'username': 'inarvekar', 'name': 'indicator-session-service'}
{'pid': 2893, 'vms': 397.8359375, 'username': 'inarvekar', 'name': 'indicator-application-service'}
{'pid': 2950, 'vms': 1217.91015625, 'username': 'inarvekar', 'name': 'evolution-source-registry'}
{'pid': 2994, 'vms': 433.30859375, 'username': 'inarvekar', 'name': 'pulseaudio'}
{'pid': 3001, 'vms': 179.2421875, 'username': 'rtkit', 'name': 'rtkit-daemon'}
{'pid': 3031, 'vms': 847.01171875, 'username': 'inarvekar', 'name': 'evolution-calendar-factory'}
{'pid': 3037, 'vms': 21.84375, 'username': 'inarvekar', 'name': 'syndaemon'}
{'pid': 3099, 'vms': 756.09765625, 'username': 'inarvekar', 'name': 'nm-applet'}
{'pid': 3108, 'vms': 660.109375, 'username': 'inarvekar', 'name': 'indicator-stick'}
{'pid': 3111, 'vms': 797.0078125, 'username': 'inarvekar', 'name': 'evolution-calendar-factory-subprocess'}
{'pid': 3112, 'vms': 725.3359375, 'username': 'inarvekar', 'name': 'gnome-software'}
{'pid': 3117, 'vms': 1420.37890625, 'username': 'inarvekar', 'name': 'nautilus'}
{'pid': 3122, 'vms': 424.9296875, 'username': 'inarvekar', 'name': 'polkit-gnome-authentication-agent-1'}
{'pid': 3132, 'vms': 568.9765625, 'username': 'inarvekar', 'name': 'unity-fallback-mount-helper'}
{'pid': 3146, 'vms': 12.234375, 'username': 'inarvekar', 'name': 'bash'}
{'pid': 3156, 'vms': 3392.12109375, 'username': 'inarvekar', 'name': 'skypeforlinux'}
{'pid': 3183, 'vms': 278.75, 'username': 'inarvekar', 'name': 'gvfs-udisks2-volume-monitor'}
{'pid': 3216, 'vms': 493.03125, 'username': 'root', 'name': 'fwupd'}
{'pid': 3229, 'vms': 359.26953125, 'username': 'root', 'name': 'udisksd'}
{'pid': 3233, 'vms': 367.87890625, 'username': 'inarvekar', 'name': 'skypeforlinux'}
{'pid': 3249, 'vms': 845.625, 'username': 'inarvekar', 'name': 'evolution-calendar-factory-subprocess'}
{'pid': 3251, 'vms': 674.390625, 'username': 'inarvekar', 'name': 'evolution-addressbook-factory'}
{'pid': 3263, 'vms': 253.4375, 'username': 'inarvekar', 'name': 'gvfs-mtp-volume-monitor'}
{'pid': 3269, 'vms': 505.890625, 'username': 'inarvekar', 'name': 'notify-osd'}
{'pid': 3282, 'vms': 820.12890625, 'username': 'inarvekar', 'name': 'evolution-addressbook-factory-subprocess'}
{'pid': 3283, 'vms': 265.34765625, 'username': 'inarvekar', 'name': 'gvfs-gphoto2-volume-monitor'}
{'pid': 3307, 'vms': 251.4921875, 'username': 'inarvekar', 'name': 'gvfs-goa-volume-monitor'}
{'pid': 3316, 'vms': 394.1484375, 'username': 'inarvekar', 'name': 'gvfs-afc-volume-monitor'}
{'pid': 3336, 'vms': 59.859375, 'username': 'inarvekar', 'name': 'gconfd-2'}
{'pid': 3363, 'vms': 162.6953125, 'username': 'inarvekar', 'name': 'python'}
{'pid': 3367, 'vms': 704.0703125, 'username': 'inarvekar', 'name': 'skypeforlinux'}
{'pid': 3386, 'vms': 2480.58984375, 'username': 'inarvekar', 'name': 'skypeforlinux'}
{'pid': 3444, 'vms': 342.45703125, 'username': 'inarvekar', 'name': 'gvfsd-trash'}
{'pid': 3458, 'vms': 51.625, 'username': 'nobody', 'name': 'dnsmasq'}
{'pid': 3651, 'vms': 509.23046875, 'username': 'whoopsie', 'name': 'whoopsie'}
{'pid': 3686, 'vms': 15.5625, 'username': 'root', 'name': 'agetty'}
{'pid': 3716, 'vms': 101.08984375, 'username': 'root', 'name': 'apache2'}
{'pid': 3719, 'vms': 383.46875, 'username': 'www-data', 'name': 'apache2'}
{'pid': 3720, 'vms': 383.46875, 'username': 'www-data', 'name': 'apache2'}
{'pid': 3788, 'vms': 183.18359375, 'username': 'inarvekar', 'name': 'gvfsd-metadata'}
{'pid': 3793, 'vms': 234.375, 'username': 'root', 'name': 'nmbd'}
{'pid': 3810, 'vms': 329.9921875, 'username': 'root', 'name': 'smbd'}
{'pid': 3811, 'vms': 322.078125, 'username': 'root', 'name': 'smbd'}
{'pid': 3813, 'vms': 330.0, 'username': 'root', 'name': 'smbd'}
{'pid': 3853, 'vms': 973.359375, 'username': 'inarvekar', 'name': 'wallch'}
{'pid': 3991, 'vms': 438.53515625, 'username': 'inarvekar', 'name': 'zeitgeist-datahub'}
{'pid': 3993, 'vms': 1691.70703125, 'username': 'inarvekar', 'name': 'variety'}
{'pid': 3999, 'vms': 4.3984375, 'username': 'inarvekar', 'name': 'sh'}
{'pid': 4009, 'vms': 400.83984375, 'username': 'inarvekar', 'name': 'zeitgeist-daemon'}
{'pid': 4016, 'vms': 309.84765625, 'username': 'inarvekar', 'name': 'zeitgeist-fts'}
{'pid': 4089, 'vms': 416.68359375, 'username': 'inarvekar', 'name': 'gvfsd-network'}
{'pid': 4133, 'vms': 353.23828125, 'username': 'inarvekar', 'name': 'gvfsd-dnssd'}
{'pid': 4140, 'vms': 1782.12890625, 'username': 'inarvekar', 'name': 'chrome'}
{'pid': 4145, 'vms': 428.85546875, 'username': 'inarvekar', 'name': 'chrome'}
{'pid': 4146, 'vms': 25.19140625, 'username': 'inarvekar', 'name': 'nacl_helper'}
{'pid': 4149, 'vms': 428.85546875, 'username': 'inarvekar', 'name': 'chrome'}
{'pid': 4175, 'vms': 653.88671875, 'username': 'inarvekar', 'name': 'chrome'}
{'pid': 4203, 'vms': 455.88671875, 'username': 'inarvekar', 'name': 'chrome'}
{'pid': 4215, 'vms': 766.3359375, 'username': 'inarvekar', 'name': 'chrome'}
{'pid': 4287, 'vms': 722.20703125, 'username': 'inarvekar', 'name': 'chrome'}
{'pid': 4315, 'vms': 1967.50390625, 'username': 'inarvekar', 'name': 'chrome'}
{'pid': 4325, 'vms': 685.203125, 'username': 'inarvekar', 'name': 'chrome'}
{'pid': 4336, 'vms': 728.53125, 'username': 'inarvekar', 'name': 'chrome'}
{'pid': 4338, 'vms': 733.78125, 'username': 'inarvekar', 'name': 'chrome'}
{'pid': 4339, 'vms': 730.71484375, 'username': 'inarvekar', 'name': 'chrome'}
{'pid': 4355, 'vms': 848.49609375, 'username': 'inarvekar', 'name': 'chrome'}
{'pid': 4356, 'vms': 755.31640625, 'username': 'inarvekar', 'name': 'chrome'}
{'pid': 4371, 'vms': 830.6953125, 'username': 'inarvekar', 'name': 'chrome'}
{'pid': 4380, 'vms': 708.7109375, 'username': 'inarvekar', 'name': 'chrome'}
{'pid': 4394, 'vms': 826.36328125, 'username': 'inarvekar', 'name': 'chrome'}
{'pid': 4400, 'vms': 730.43359375, 'username': 'inarvekar', 'name': 'chrome'}
{'pid': 4416, 'vms': 687.6484375, 'username': 'inarvekar', 'name': 'chrome'}
{'pid': 4447, 'vms': 684.6484375, 'username': 'inarvekar', 'name': 'chrome'}
{'pid': 4450, 'vms': 689.16015625, 'username': 'inarvekar', 'name': 'chrome'}
{'pid': 4468, 'vms': 725.90234375, 'username': 'inarvekar', 'name': 'chrome'}
{'pid': 4491, 'vms': 676.64453125, 'username': 'inarvekar', 'name': 'chrome'}
{'pid': 4516, 'vms': 684.6484375, 'username': 'inarvekar', 'name': 'chrome'}
{'pid': 4527, 'vms': 676.64453125, 'username': 'inarvekar', 'name': 'chrome'}
{'pid': 4532, 'vms': 696.65234375, 'username': 'inarvekar', 'name': 'chrome'}
{'pid': 4542, 'vms': 691.1484375, 'username': 'inarvekar', 'name': 'chrome'}
{'pid': 4574, 'vms': 754.99609375, 'username': 'inarvekar', 'name': 'chrome'}
{'pid': 4721, 'vms': 1356.109375, 'username': 'inarvekar', 'name': 'chrome'}
{'pid': 4756, 'vms': 751.54296875, 'username': 'inarvekar', 'name': 'chrome'}
{'pid': 4814, 'vms': 779.19140625, 'username': 'inarvekar', 'name': 'chrome'}
{'pid': 4820, 'vms': 799.87109375, 'username': 'inarvekar', 'name': 'chrome'}
{'pid': 4823, 'vms': 1013.828125, 'username': 'inarvekar', 'name': 'chrome'}
{'pid': 4832, 'vms': 1189.6640625, 'username': 'inarvekar', 'name': 'chrome'}
{'pid': 4841, 'vms': 12219.94921875, 'username': 'inarvekar', 'name': 'chrome'}
{'pid': 4843, 'vms': 849.02734375, 'username': 'inarvekar', 'name': 'chrome'}
{'pid': 4844, 'vms': 853.2265625, 'username': 'inarvekar', 'name': 'chrome'}
{'pid': 4877, 'vms': 958.1171875, 'username': 'inarvekar', 'name': 'chrome'}
{'pid': 4878, 'vms': 786.0625, 'username': 'inarvekar', 'name': 'chrome'}
{'pid': 4895, 'vms': 805.08203125, 'username': 'inarvekar', 'name': 'chrome'}
{'pid': 4913, 'vms': 895.46875, 'username': 'inarvekar', 'name': 'chrome'}
{'pid': 4914, 'vms': 790.23046875, 'username': 'inarvekar', 'name': 'chrome'}
{'pid': 4937, 'vms': 780.40625, 'username': 'inarvekar', 'name': 'chrome'}
{'pid': 4950, 'vms': 1104.86328125, 'username': 'inarvekar', 'name': 'chrome'}
{'pid': 4951, 'vms': 1078.35546875, 'username': 'inarvekar', 'name': 'chrome'}
{'pid': 4952, 'vms': 735.73828125, 'username': 'inarvekar', 'name': 'chrome'}
{'pid': 4953, 'vms': 1021.71875, 'username': 'inarvekar', 'name': 'chrome'}
{'pid': 4986, 'vms': 907.734375, 'username': 'inarvekar', 'name': 'chrome'}
{'pid': 5000, 'vms': 745.328125, 'username': 'inarvekar', 'name': 'chrome'}
{'pid': 5001, 'vms': 731.20703125, 'username': 'inarvekar', 'name': 'chrome'}
{'pid': 5010, 'vms': 1043.78515625, 'username': 'inarvekar', 'name': 'chrome'}
{'pid': 5020, 'vms': 850.8125, 'username': 'inarvekar', 'name': 'chrome'}
{'pid': 5022, 'vms': 708.71484375, 'username': 'inarvekar', 'name': 'chrome'}
{'pid': 5048, 'vms': 894.203125, 'username': 'inarvekar', 'name': 'chrome'}
{'pid': 5057, 'vms': 782.375, 'username': 'inarvekar', 'name': 'chrome'}
{'pid': 5060, 'vms': 971.54296875, 'username': 'inarvekar', 'name': 'chrome'}
{'pid': 5061, 'vms': 864.9609375, 'username': 'inarvekar', 'name': 'chrome'}
{'pid': 5062, 'vms': 723.390625, 'username': 'inarvekar', 'name': 'chrome'}
{'pid': 5068, 'vms': 794.57421875, 'username': 'inarvekar', 'name': 'chrome'}
{'pid': 5072, 'vms': 759.390625, 'username': 'inarvekar', 'name': 'chrome'}
{'pid': 5361, 'vms': 727.46875, 'username': 'inarvekar', 'name': 'chrome'}
{'pid': 5432, 'vms': 755.046875, 'username': 'inarvekar', 'name': 'chrome'}
{'pid': 5630, 'vms': 767.5234375, 'username': 'inarvekar', 'name': 'chrome'}
{'pid': 5668, 'vms': 687.6484375, 'username': 'inarvekar', 'name': 'chrome'}
{'pid': 5680, 'vms': 689.6484375, 'username': 'inarvekar', 'name': 'chrome'}
{'pid': 5692, 'vms': 782.8125, 'username': 'inarvekar', 'name': 'chrome'}
{'pid': 5730, 'vms': 720.984375, 'username': 'inarvekar', 'name': 'chrome'}
{'pid': 5742, 'vms': 687.20703125, 'username': 'inarvekar', 'name': 'chrome'}
{'pid': 5774, 'vms': 711.15625, 'username': 'inarvekar', 'name': 'chrome'}
{'pid': 5874, 'vms': 630.34765625, 'username': 'inarvekar', 'name': 'update-notifier'}
{'pid': 6181, 'vms': 425.2578125, 'username': 'inarvekar', 'name': 'deja-dup-monitor'}
{'pid': 6247, 'vms': 689.6484375, 'username': 'inarvekar', 'name': 'chrome'}
{'pid': 6309, 'vms': 705.63671875, 'username': 'inarvekar', 'name': 'chrome'}
{'pid': 6547, 'vms': 1466.2890625, 'username': 'inarvekar', 'name': 'code'}
{'pid': 6551, 'vms': 362.8125, 'username': 'inarvekar', 'name': 'code'}
{'pid': 6583, 'vms': 495.80859375, 'username': 'inarvekar', 'name': 'code'}
{'pid': 6596, 'vms': 1952.48828125, 'username': 'inarvekar', 'name': 'code'}
{'pid': 6635, 'vms': 22.28515625, 'username': 'inarvekar', 'name': 'bash'}
{'pid': 6646, 'vms': 1179.609375, 'username': 'inarvekar', 'name': 'code'}
{'pid': 6664, 'vms': 1012.609375, 'username': 'inarvekar', 'name': 'code'}
{'pid': 6686, 'vms': 1000.16796875, 'username': 'inarvekar', 'name': 'code'}
{'pid': 6754, 'vms': 1130.3984375, 'username': 'inarvekar', 'name': 'code'}
{'pid': 7189, 'vms': 662.3671875, 'username': 'inarvekar', 'name': 'unity-scope-home'}
{'pid': 7201, 'vms': 569.61328125, 'username': 'inarvekar', 'name': 'unity-scope-loader'}
{'pid': 7237, 'vms': 1363.41796875, 'username': 'inarvekar', 'name': 'sublime_text'}
{'pid': 7253, 'vms': 887.0859375, 'username': 'inarvekar', 'name': 'plugin_host'}
{'pid': 7261, 'vms': 596.515625, 'username': 'inarvekar', 'name': 'node'}
{'pid': 7381, 'vms': 675.58203125, 'username': 'inarvekar', 'name': 'gnome-terminal-server'}
{'pid': 7388, 'vms': 22.2890625, 'username': 'inarvekar', 'name': 'bash'}
{'pid': 7422, 'vms': 1825.7265625, 'username': 'inarvekar', 'name': 'ng serve'}
{'pid': 7430, 'vms': 22.296875, 'username': 'inarvekar', 'name': 'bash'}
{'pid': 7444, 'vms': 599.33203125, 'username': 'inarvekar', 'name': 'node'}
{'pid': 7454, 'vms': 4.3984375, 'username': 'inarvekar', 'name': 'sh'}
{'pid': 7504, 'vms': 608.17578125, 'username': 'inarvekar', 'name': 'node'}
{'pid': 7574, 'vms': 657.26171875, 'username': 'inarvekar', 'name': 'unity-tweak-too'}
{'pid': 7724, 'vms': 766.73828125, 'username': 'inarvekar', 'name': 'chrome'}
{'pid': 8405, 'vms': 1586.12109375, 'username': 'inarvekar', 'name': 'slack'}
{'pid': 8409, 'vms': 365.2109375, 'username': 'inarvekar', 'name': 'slack'}
{'pid': 8444, 'vms': 493.67578125, 'username': 'inarvekar', 'name': 'slack'}
{'pid': 8495, 'vms': 1984.8828125, 'username': 'inarvekar', 'name': 'slack'}
{'pid': 8500, 'vms': 1890.38671875, 'username': 'inarvekar', 'name': 'slack'}
{'pid': 8501, 'vms': 1159.18359375, 'username': 'inarvekar', 'name': 'slack'}
{'pid': 11804, 'vms': 0.0, 'username': 'root', 'name': 'irq/129-mei_me'}
{'pid': 13030, 'vms': 903.16796875, 'username': 'inarvekar', 'name': 'chrome'}
{'pid': 13971, 'vms': 0.0, 'username': 'root', 'name': 'kworker/1:1'}
{'pid': 14039, 'vms': 0.0, 'username': 'root', 'name': 'kworker/3:2'}
{'pid': 14049, 'vms': 716.55859375, 'username': 'inarvekar', 'name': 'chrome'}
{'pid': 15383, 'vms': 0.0, 'username': 'root', 'name': 'kworker/2:2'}
{'pid': 15784, 'vms': 0.0, 'username': 'root', 'name': 'kworker/0:2'}
{'pid': 16526, 'vms': 726.71484375, 'username': 'inarvekar', 'name': 'chrome'}
{'pid': 16605, 'vms': 982.328125, 'username': 'inarvekar', 'name': 'code'}
{'pid': 16722, 'vms': 893.3671875, 'username': 'inarvekar', 'name': 'chrome'}
{'pid': 16751, 'vms': 680.65625, 'username': 'inarvekar', 'name': 'chrome'}
{'pid': 16821, 'vms': 0.0, 'username': 'root', 'name': 'kworker/u8:2'}
{'pid': 16825, 'vms': 0.0, 'username': 'root', 'name': 'kworker/2:1'}
{'pid': 16974, 'vms': 318.52734375, 'username': 'inarvekar', 'name': 'gvfsd-http'}
{'pid': 17246, 'vms': 666.203125, 'username': 'inarvekar', 'name': 'chrome'}
{'pid': 17494, 'vms': 0.0, 'username': 'root', 'name': 'kworker/u8:0'}
{'pid': 17741, 'vms': 0.0, 'username': 'root', 'name': 'kworker/3:0'}
{'pid': 17863, 'vms': 0.0, 'username': 'root', 'name': 'kworker/0:1'}
{'pid': 17865, 'vms': 0.0, 'username': 'root', 'name': 'kworker/1:0'}
{'pid': 18258, 'vms': 42.76171875, 'username': 'root', 'name': 'vpnc'}
{'pid': 18323, 'vms': 0.0, 'username': 'root', 'name': 'kworker/u8:1'}
{'pid': 18330, 'vms': 135.8125, 'username': 'inarvekar', 'name': 'python3.5'}
{'pid': 18338, 'vms': 0.0, 'username': 'root', 'name': 'kworker/3:1'}
{'pid': 18428, 'vms': 134.8046875, 'username': 'inarvekar', 'name': 'python3'}
{'pid': 18468, 'vms': 83.33203125, 'username': 'inarvekar', 'name': 'python3'}
{'pid': 18483, 'vms': 0.0, 'username': 'root', 'name': 'kworker/0:0'}
{'pid': 18488, 'vms': 0.0, 'username': 'inarvekar', 'name': 'gnome-terminal'}
{'pid': 18494, 'vms': 22.31640625, 'username': 'inarvekar', 'name': 'bash'}
{'pid': 18555, 'vms': 0.0, 'username': 'root', 'name': 'kworker/3:3'}
{'pid': 18559, 'vms': 0.0, 'username': 'root', 'name': 'kworker/3:4'}
{'pid': 18609, 'vms': 0.0, 'username': 'root', 'name': 'kworker/2:0'}
{'pid': 18611, 'vms': 0.0, 'username': 'root', 'name': 'kworker/2:3'}
{'pid': 18615, 'vms': 0.0, 'username': 'root', 'name': 'kworker/2:4'}
{'pid': 18662, 'vms': 0.0, 'username': 'root', 'name': 'kworker/1:2'}
{'pid': 18729, 'vms': 0.0, 'username': 'root', 'name': 'kworker/1:3'}
{'pid': 18883, 'vms': 36.08984375, 'username': 'root', 'name': 'systemd'}
{'pid': 18886, 'vms': 160.19921875, 'username': 'root', 'name': '(sd-pam)'}
{'pid': 18888, 'vms': 0.0, 'username': 'root', 'name': 'kworker/0:3'}
{'pid': 18999, 'vms': 15.75, 'username': 'root', 'name': 'dhclient'}
{'pid': 19149, 'vms': 65.3046875, 'username': 'inarvekar', 'name': 'python3'}
