================================================================================
process logger: Sun Apr 28 11:53:56 2019
================================================================================

{'pid': 1, 'vms': 117.22265625, 'name': 'systemd', 'username': 'root'}
{'pid': 2, 'vms': 0.0, 'name': 'kthreadd', 'username': 'root'}
{'pid': 3, 'vms': 0.0, 'name': 'ksoftirqd/0', 'username': 'root'}
{'pid': 5, 'vms': 0.0, 'name': 'kworker/0:0H', 'username': 'root'}
{'pid': 7, 'vms': 0.0, 'name': 'rcu_sched', 'username': 'root'}
{'pid': 8, 'vms': 0.0, 'name': 'rcu_bh', 'username': 'root'}
{'pid': 9, 'vms': 0.0, 'name': 'migration/0', 'username': 'root'}
{'pid': 10, 'vms': 0.0, 'name': 'watchdog/0', 'username': 'root'}
{'pid': 11, 'vms': 0.0, 'name': 'watchdog/1', 'username': 'root'}
{'pid': 12, 'vms': 0.0, 'name': 'migration/1', 'username': 'root'}
{'pid': 13, 'vms': 0.0, 'name': 'ksoftirqd/1', 'username': 'root'}
{'pid': 15, 'vms': 0.0, 'name': 'kworker/1:0H', 'username': 'root'}
{'pid': 16, 'vms': 0.0, 'name': 'watchdog/2', 'username': 'root'}
{'pid': 17, 'vms': 0.0, 'name': 'migration/2', 'username': 'root'}
{'pid': 18, 'vms': 0.0, 'name': 'ksoftirqd/2', 'username': 'root'}
{'pid': 20, 'vms': 0.0, 'name': 'kworker/2:0H', 'username': 'root'}
{'pid': 21, 'vms': 0.0, 'name': 'watchdog/3', 'username': 'root'}
{'pid': 22, 'vms': 0.0, 'name': 'migration/3', 'username': 'root'}
{'pid': 23, 'vms': 0.0, 'name': 'ksoftirqd/3', 'username': 'root'}
{'pid': 25, 'vms': 0.0, 'name': 'kworker/3:0H', 'username': 'root'}
{'pid': 26, 'vms': 0.0, 'name': 'kdevtmpfs', 'username': 'root'}
{'pid': 27, 'vms': 0.0, 'name': 'netns', 'username': 'root'}
{'pid': 28, 'vms': 0.0, 'name': 'perf', 'username': 'root'}
{'pid': 29, 'vms': 0.0, 'name': 'khungtaskd', 'username': 'root'}
{'pid': 30, 'vms': 0.0, 'name': 'writeback', 'username': 'root'}
{'pid': 31, 'vms': 0.0, 'name': 'ksmd', 'username': 'root'}
{'pid': 32, 'vms': 0.0, 'name': 'khugepaged', 'username': 'root'}
{'pid': 33, 'vms': 0.0, 'name': 'crypto', 'username': 'root'}
{'pid': 34, 'vms': 0.0, 'name': 'kintegrityd', 'username': 'root'}
{'pid': 35, 'vms': 0.0, 'name': 'bioset', 'username': 'root'}
{'pid': 36, 'vms': 0.0, 'name': 'kblockd', 'username': 'root'}
{'pid': 37, 'vms': 0.0, 'name': 'ata_sff', 'username': 'root'}
{'pid': 38, 'vms': 0.0, 'name': 'md', 'username': 'root'}
{'pid': 39, 'vms': 0.0, 'name': 'devfreq_wq', 'username': 'root'}
{'pid': 47, 'vms': 0.0, 'name': 'kswapd0', 'username': 'root'}
{'pid': 48, 'vms': 0.0, 'name': 'vmstat', 'username': 'root'}
{'pid': 49, 'vms': 0.0, 'name': 'fsnotify_mark', 'username': 'root'}
{'pid': 50, 'vms': 0.0, 'name': 'ecryptfs-kthrea', 'username': 'root'}
{'pid': 66, 'vms': 0.0, 'name': 'kthrotld', 'username': 'root'}
{'pid': 67, 'vms': 0.0, 'name': 'acpi_thermal_pm', 'username': 'root'}
{'pid': 69, 'vms': 0.0, 'name': 'bioset', 'username': 'root'}
{'pid': 70, 'vms': 0.0, 'name': 'bioset', 'username': 'root'}
{'pid': 71, 'vms': 0.0, 'name': 'bioset', 'username': 'root'}
{'pid': 72, 'vms': 0.0, 'name': 'bioset', 'username': 'root'}
{'pid': 73, 'vms': 0.0, 'name': 'bioset', 'username': 'root'}
{'pid': 74, 'vms': 0.0, 'name': 'bioset', 'username': 'root'}
{'pid': 75, 'vms': 0.0, 'name': 'bioset', 'username': 'root'}
{'pid': 76, 'vms': 0.0, 'name': 'bioset', 'username': 'root'}
{'pid': 80, 'vms': 0.0, 'name': 'ipv6_addrconf', 'username': 'root'}
{'pid': 94, 'vms': 0.0, 'name': 'deferwq', 'username': 'root'}
{'pid': 95, 'vms': 0.0, 'name': 'charger_manager', 'username': 'root'}
{'pid': 142, 'vms': 0.0, 'name': 'scsi_eh_0', 'username': 'root'}
{'pid': 143, 'vms': 0.0, 'name': 'scsi_tmf_0', 'username': 'root'}
{'pid': 144, 'vms': 0.0, 'name': 'nvme', 'username': 'root'}
{'pid': 145, 'vms': 0.0, 'name': 'scsi_eh_1', 'username': 'root'}
{'pid': 146, 'vms': 0.0, 'name': 'scsi_tmf_1', 'username': 'root'}
{'pid': 147, 'vms': 0.0, 'name': 'scsi_eh_2', 'username': 'root'}
{'pid': 148, 'vms': 0.0, 'name': 'scsi_tmf_2', 'username': 'root'}
{'pid': 150, 'vms': 0.0, 'name': 'rtsx_pci_sdmmc_', 'username': 'root'}
{'pid': 151, 'vms': 0.0, 'name': 'bioset', 'username': 'root'}
{'pid': 152, 'vms': 0.0, 'name': 'bioset', 'username': 'root'}
{'pid': 264, 'vms': 0.0, 'name': 'bioset', 'username': 'root'}
{'pid': 290, 'vms': 0.0, 'name': 'kworker/0:1H', 'username': 'root'}
{'pid': 291, 'vms': 0.0, 'name': 'kworker/1:1H', 'username': 'root'}
{'pid': 292, 'vms': 0.0, 'name': 'kworker/3:1H', 'username': 'root'}
{'pid': 293, 'vms': 0.0, 'name': 'kworker/2:1H', 'username': 'root'}
{'pid': 295, 'vms': 0.0, 'name': 'jbd2/nvme0n1p3-', 'username': 'root'}
{'pid': 296, 'vms': 0.0, 'name': 'ext4-rsv-conver', 'username': 'root'}
{'pid': 328, 'vms': 0.0, 'name': 'kauditd', 'username': 'root'}
{'pid': 339, 'vms': 50.66015625, 'name': 'systemd-journald', 'username': 'root'}
{'pid': 391, 'vms': 0.0, 'name': 'loop0', 'username': 'root'}
{'pid': 414, 'vms': 0.0, 'name': 'loop1', 'username': 'root'}
{'pid': 430, 'vms': 0.0, 'name': 'loop2', 'username': 'root'}
{'pid': 433, 'vms': 44.3515625, 'name': 'systemd-udevd', 'username': 'root'}
{'pid': 436, 'vms': 0.0, 'name': 'loop3', 'username': 'root'}
{'pid': 455, 'vms': 0.0, 'name': 'loop4', 'username': 'root'}
{'pid': 463, 'vms': 0.0, 'name': 'loop5', 'username': 'root'}
{'pid': 474, 'vms': 0.0, 'name': 'loop6', 'username': 'root'}
{'pid': 476, 'vms': 0.0, 'name': 'irq/67-smo8800', 'username': 'root'}
{'pid': 477, 'vms': 0.0, 'name': 'loop7', 'username': 'root'}
{'pid': 479, 'vms': 0.0, 'name': 'bioset', 'username': 'root'}
{'pid': 480, 'vms': 0.0, 'name': 'loop8', 'username': 'root'}
{'pid': 482, 'vms': 0.0, 'name': 'bioset', 'username': 'root'}
{'pid': 483, 'vms': 0.0, 'name': 'loop9', 'username': 'root'}
{'pid': 484, 'vms': 0.0, 'name': 'bioset', 'username': 'root'}
{'pid': 524, 'vms': 0.0, 'name': 'loop10', 'username': 'root'}
{'pid': 545, 'vms': 0.0, 'name': 'bioset', 'username': 'root'}
{'pid': 547, 'vms': 0.0, 'name': 'loop11', 'username': 'root'}
{'pid': 579, 'vms': 0.0, 'name': 'bioset', 'username': 'root'}
{'pid': 580, 'vms': 0.0, 'name': 'loop12', 'username': 'root'}
{'pid': 595, 'vms': 0.0, 'name': 'bioset', 'username': 'root'}
{'pid': 596, 'vms': 0.0, 'name': 'loop13', 'username': 'root'}
{'pid': 597, 'vms': 0.0, 'name': 'bioset', 'username': 'root'}
{'pid': 606, 'vms': 0.0, 'name': 'loop14', 'username': 'root'}
{'pid': 608, 'vms': 0.0, 'name': 'cfg80211', 'username': 'root'}
{'pid': 610, 'vms': 0.0, 'name': 'kmemstick', 'username': 'root'}
{'pid': 612, 'vms': 0.0, 'name': 'bioset', 'username': 'root'}
{'pid': 613, 'vms': 0.0, 'name': 'loop15', 'username': 'root'}
{'pid': 614, 'vms': 0.0, 'name': 'bioset', 'username': 'root'}
{'pid': 616, 'vms': 0.0, 'name': 'irq/136-iwlwifi', 'username': 'root'}
{'pid': 640, 'vms': 0.0, 'name': 'kworker/u9:0', 'username': 'root'}
{'pid': 641, 'vms': 0.0, 'name': 'loop16', 'username': 'root'}
{'pid': 643, 'vms': 0.0, 'name': 'bioset', 'username': 'root'}
{'pid': 644, 'vms': 0.0, 'name': 'kvm-irqfd-clean', 'username': 'root'}
{'pid': 646, 'vms': 0.0, 'name': 'loop17', 'username': 'root'}
{'pid': 654, 'vms': 0.0, 'name': 'bioset', 'username': 'root'}
{'pid': 655, 'vms': 0.0, 'name': 'loop18', 'username': 'root'}
{'pid': 657, 'vms': 0.0, 'name': 'kworker/u9:1', 'username': 'root'}
{'pid': 704, 'vms': 0.0, 'name': 'bioset', 'username': 'root'}
{'pid': 709, 'vms': 0.0, 'name': 'loop19', 'username': 'root'}
{'pid': 849, 'vms': 0.0, 'name': 'irq/51-DLL07D1:', 'username': 'root'}
{'pid': 1201, 'vms': 99.984375, 'name': 'systemd-timesyncd', 'username': 'systemd-timesync'}
{'pid': 1209, 'vms': 403.89453125, 'name': 'ModemManager', 'username': 'root'}
{'pid': 1211, 'vms': 269.41796875, 'name': 'accounts-daemon', 'username': 'root'}
{'pid': 1217, 'vms': 28.0, 'name': 'systemd-logind', 'username': 'root'}
{'pid': 1221, 'vms': 43.98828125, 'name': 'avahi-daemon', 'username': 'avahi'}
{'pid': 1225, 'vms': 28.328125, 'name': 'cron', 'username': 'root'}
{'pid': 1254, 'vms': 250.3828125, 'name': 'rsyslogd', 'username': 'syslog'}
{'pid': 1258, 'vms': 4.29296875, 'name': 'acpid', 'username': 'root'}
{'pid': 1259, 'vms': 31.20703125, 'name': 'bluetoothd', 'username': 'root'}
{'pid': 1264, 'vms': 43.734375, 'name': 'avahi-daemon', 'username': 'avahi'}
{'pid': 1268, 'vms': 25.43359375, 'name': 'atd', 'username': 'root'}
{'pid': 1270, 'vms': 476.31640625, 'name': 'snapd', 'username': 'root'}
{'pid': 1272, 'vms': 43.5, 'name': 'dbus-daemon', 'username': 'messagebus'}
{'pid': 1302, 'vms': 162.5234375, 'name': 'thermald', 'username': 'root'}
{'pid': 1343, 'vms': 19.109375, 'name': 'irqbalance', 'username': 'root'}
{'pid': 1363, 'vms': 438.08984375, 'name': 'colord', 'username': 'colord'}
{'pid': 1369, 'vms': 275.3359375, 'name': 'polkitd', 'username': 'root'}
{'pid': 1384, 'vms': 1146.0078125, 'name': 'mysqld', 'username': 'mysql'}
{'pid': 1412, 'vms': 342.2890625, 'name': 'lightdm', 'username': 'root'}
{'pid': 1695, 'vms': 0.0, 'name': 'bioset', 'username': 'root'}
{'pid': 1807, 'vms': 751.921875, 'name': 'Xorg', 'username': 'root'}
{'pid': 1831, 'vms': 43.09765625, 'name': 'wpa_supplicant', 'username': 'root'}
{'pid': 2041, 'vms': 240.7890625, 'name': 'lightdm', 'username': 'root'}
{'pid': 2068, 'vms': 44.32421875, 'name': 'systemd', 'username': 'inarvekar'}
{'pid': 2069, 'vms': 80.05078125, 'name': '(sd-pam)', 'username': 'inarvekar'}
{'pid': 2076, 'vms': 45.3671875, 'name': 'upstart', 'username': 'inarvekar'}
{'pid': 2162, 'vms': 32.08984375, 'name': 'upstart-udev-bridge', 'username': 'inarvekar'}
{'pid': 2174, 'vms': 43.98828125, 'name': 'dbus-daemon', 'username': 'inarvekar'}
{'pid': 2202, 'vms': 84.3203125, 'name': 'window-stack-bridge', 'username': 'inarvekar'}
{'pid': 2220, 'vms': 351.57421875, 'name': 'gnome-keyring-daemon', 'username': 'inarvekar'}
{'pid': 2260, 'vms': 32.0234375, 'name': 'upstart-dbus-bridge', 'username': 'inarvekar'}
{'pid': 2262, 'vms': 40.31640625, 'name': 'upstart-file-bridge', 'username': 'inarvekar'}
{'pid': 2301, 'vms': 32.0859375, 'name': 'upstart-dbus-bridge', 'username': 'inarvekar'}
{'pid': 2302, 'vms': 581.8359375, 'name': 'bamfdaemon', 'username': 'inarvekar'}
{'pid': 2319, 'vms': 362.8671875, 'name': 'ibus-daemon', 'username': 'inarvekar'}
{'pid': 2336, 'vms': 740.12109375, 'name': 'gvfsd', 'username': 'inarvekar'}
{'pid': 2361, 'vms': 397.328125, 'name': 'gvfsd-fuse', 'username': 'inarvekar'}
{'pid': 2363, 'vms': 330.08984375, 'name': 'at-spi-bus-launcher', 'username': 'inarvekar'}
{'pid': 2377, 'vms': 258.08203125, 'name': 'ibus-dconf', 'username': 'inarvekar'}
{'pid': 2378, 'vms': 42.015625, 'name': 'dbus-daemon', 'username': 'inarvekar'}
{'pid': 2379, 'vms': 479.46875, 'name': 'ibus-ui-gtk3', 'username': 'inarvekar'}
{'pid': 2397, 'vms': 423.63671875, 'name': 'ibus-x11', 'username': 'inarvekar'}
{'pid': 2398, 'vms': 202.015625, 'name': 'at-spi2-registryd', 'username': 'inarvekar'}
{'pid': 2543, 'vms': 183.97265625, 'name': 'ibus-engine-simple', 'username': 'inarvekar'}
{'pid': 2594, 'vms': 827.59765625, 'name': 'hud-service', 'username': 'inarvekar'}
{'pid': 2596, 'vms': 1174.23828125, 'name': 'unity-settings-daemon', 'username': 'inarvekar'}
{'pid': 2606, 'vms': 557.86328125, 'name': 'gnome-session-binary', 'username': 'inarvekar'}
{'pid': 2633, 'vms': 658.81640625, 'name': 'unity-panel-service', 'username': 'inarvekar'}
{'pid': 2722, 'vms': 501.37109375, 'name': 'gnome-screensaver', 'username': 'inarvekar'}
{'pid': 2726, 'vms': 174.734375, 'name': 'dconf-service', 'username': 'inarvekar'}
{'pid': 2751, 'vms': 1496.15625, 'name': 'compiz', 'username': 'inarvekar'}
{'pid': 2854, 'vms': 339.41015625, 'name': 'upowerd', 'username': 'root'}
{'pid': 2880, 'vms': 426.2578125, 'name': 'indicator-messages-service', 'username': 'inarvekar'}
{'pid': 2881, 'vms': 397.5859375, 'name': 'indicator-bluetooth-service', 'username': 'inarvekar'}
{'pid': 2882, 'vms': 764.51171875, 'name': 'indicator-power-service', 'username': 'inarvekar'}
{'pid': 2883, 'vms': 1204.08203125, 'name': 'indicator-datetime-service', 'username': 'inarvekar'}
{'pid': 2884, 'vms': 584.8125, 'name': 'indicator-keyboard-service', 'username': 'inarvekar'}
{'pid': 2885, 'vms': 792.14453125, 'name': 'indicator-sound-service', 'username': 'inarvekar'}
{'pid': 2889, 'vms': 540.61328125, 'name': 'indicator-printers-service', 'username': 'inarvekar'}
{'pid': 2890, 'vms': 930.5546875, 'name': 'indicator-session-service', 'username': 'inarvekar'}
{'pid': 2894, 'vms': 397.96484375, 'name': 'indicator-application-service', 'username': 'inarvekar'}
{'pid': 2970, 'vms': 1153.90625, 'name': 'evolution-source-registry', 'username': 'inarvekar'}
{'pid': 2981, 'vms': 433.5234375, 'name': 'pulseaudio', 'username': 'inarvekar'}
{'pid': 2984, 'vms': 179.2421875, 'name': 'rtkit-daemon', 'username': 'rtkit'}
{'pid': 3014, 'vms': 847.01953125, 'name': 'evolution-calendar-factory', 'username': 'inarvekar'}
{'pid': 3047, 'vms': 21.97265625, 'name': 'syndaemon', 'username': 'inarvekar'}
{'pid': 3084, 'vms': 735.35546875, 'name': 'chrome', 'username': 'inarvekar'}
{'pid': 3112, 'vms': 660.01171875, 'name': 'indicator-stick', 'username': 'inarvekar'}
{'pid': 3114, 'vms': 1337.765625, 'name': 'gnome-software', 'username': 'inarvekar'}
{'pid': 3121, 'vms': 1424.609375, 'name': 'nautilus', 'username': 'inarvekar'}
{'pid': 3123, 'vms': 424.875, 'name': 'polkit-gnome-authentication-agent-1', 'username': 'inarvekar'}
{'pid': 3130, 'vms': 796.87109375, 'name': 'evolution-calendar-factory-subprocess', 'username': 'inarvekar'}
{'pid': 3131, 'vms': 568.90625, 'name': 'unity-fallback-mount-helper', 'username': 'inarvekar'}
{'pid': 3146, 'vms': 12.234375, 'name': 'bash', 'username': 'inarvekar'}
{'pid': 3148, 'vms': 1187.55078125, 'name': 'nm-applet', 'username': 'inarvekar'}
{'pid': 3153, 'vms': 3460.41015625, 'name': 'skypeforlinux', 'username': 'inarvekar'}
{'pid': 3170, 'vms': 493.0390625, 'name': 'fwupd', 'username': 'root'}
{'pid': 3171, 'vms': 278.75390625, 'name': 'gvfs-udisks2-volume-monitor', 'username': 'inarvekar'}
{'pid': 3177, 'vms': 358.91796875, 'name': 'udisksd', 'username': 'root'}
{'pid': 3202, 'vms': 253.4375, 'name': 'gvfs-mtp-volume-monitor', 'username': 'inarvekar'}
{'pid': 3210, 'vms': 367.87890625, 'name': 'skypeforlinux', 'username': 'inarvekar'}
{'pid': 3217, 'vms': 265.34765625, 'name': 'gvfs-gphoto2-volume-monitor', 'username': 'inarvekar'}
{'pid': 3218, 'vms': 845.625, 'name': 'evolution-calendar-factory-subprocess', 'username': 'inarvekar'}
{'pid': 3222, 'vms': 674.38671875, 'name': 'evolution-addressbook-factory', 'username': 'inarvekar'}
{'pid': 3229, 'vms': 251.4921875, 'name': 'gvfs-goa-volume-monitor', 'username': 'inarvekar'}
{'pid': 3235, 'vms': 394.1484375, 'name': 'gvfs-afc-volume-monitor', 'username': 'inarvekar'}
{'pid': 3254, 'vms': 820.12109375, 'name': 'evolution-addressbook-factory-subprocess', 'username': 'inarvekar'}
{'pid': 3282, 'vms': 59.859375, 'name': 'gconfd-2', 'username': 'inarvekar'}
{'pid': 3301, 'vms': 162.6953125, 'name': 'python', 'username': 'inarvekar'}
{'pid': 3313, 'vms': 770.73046875, 'name': 'skypeforlinux', 'username': 'inarvekar'}
{'pid': 3322, 'vms': 342.58203125, 'name': 'gvfsd-trash', 'username': 'inarvekar'}
{'pid': 3323, 'vms': 3612.70703125, 'name': 'skypeforlinux', 'username': 'inarvekar'}
{'pid': 3389, 'vms': 183.15625, 'name': 'gvfsd-metadata', 'username': 'inarvekar'}
{'pid': 3534, 'vms': 579.1171875, 'name': 'notify-osd', 'username': 'inarvekar'}
{'pid': 3636, 'vms': 437.2265625, 'name': 'whoopsie', 'username': 'whoopsie'}
{'pid': 3674, 'vms': 15.5625, 'name': 'agetty', 'username': 'root'}
{'pid': 3699, 'vms': 101.1015625, 'name': 'apache2', 'username': 'root'}
{'pid': 3763, 'vms': 234.49609375, 'name': 'nmbd', 'username': 'root'}
{'pid': 3780, 'vms': 329.9921875, 'name': 'smbd', 'username': 'root'}
{'pid': 3782, 'vms': 322.078125, 'name': 'smbd', 'username': 'root'}
{'pid': 3784, 'vms': 330.0, 'name': 'smbd', 'username': 'root'}
{'pid': 3871, 'vms': 1009.28125, 'name': 'wallch', 'username': 'inarvekar'}
{'pid': 3905, 'vms': 4.3984375, 'name': 'sh', 'username': 'inarvekar'}
{'pid': 3909, 'vms': 400.84375, 'name': 'zeitgeist-daemon', 'username': 'inarvekar'}
{'pid': 3916, 'vms': 371.40234375, 'name': 'zeitgeist-fts', 'username': 'inarvekar'}
{'pid': 3918, 'vms': 438.453125, 'name': 'zeitgeist-datahub', 'username': 'inarvekar'}
{'pid': 4299, 'vms': 1583.0390625, 'name': 'slack', 'username': 'inarvekar'}
{'pid': 4467, 'vms': 1886.87890625, 'name': 'slack', 'username': 'inarvekar'}
{'pid': 4565, 'vms': 1843.02734375, 'name': 'chrome', 'username': 'inarvekar'}
{'pid': 4569, 'vms': 428.85546875, 'name': 'chrome', 'username': 'inarvekar'}
{'pid': 4570, 'vms': 25.19140625, 'name': 'nacl_helper', 'username': 'inarvekar'}
{'pid': 4573, 'vms': 428.85546875, 'name': 'chrome', 'username': 'inarvekar'}
{'pid': 4597, 'vms': 671.95703125, 'name': 'chrome', 'username': 'inarvekar'}
{'pid': 4626, 'vms': 455.88671875, 'name': 'chrome', 'username': 'inarvekar'}
{'pid': 4639, 'vms': 756.9375, 'name': 'chrome', 'username': 'inarvekar'}
{'pid': 4721, 'vms': 786.90625, 'name': 'chrome', 'username': 'inarvekar'}
{'pid': 4743, 'vms': 722.40234375, 'name': 'chrome', 'username': 'inarvekar'}
{'pid': 4779, 'vms': 687.6484375, 'name': 'chrome', 'username': 'inarvekar'}
{'pid': 4788, 'vms': 684.6484375, 'name': 'chrome', 'username': 'inarvekar'}
{'pid': 4792, 'vms': 728.69140625, 'name': 'chrome', 'username': 'inarvekar'}
{'pid': 4793, 'vms': 721.40234375, 'name': 'chrome', 'username': 'inarvekar'}
{'pid': 4802, 'vms': 684.6484375, 'name': 'chrome', 'username': 'inarvekar'}
{'pid': 4811, 'vms': 707.90234375, 'name': 'chrome', 'username': 'inarvekar'}
{'pid': 4812, 'vms': 699.65625, 'name': 'chrome', 'username': 'inarvekar'}
{'pid': 4855, 'vms': 697.65234375, 'name': 'chrome', 'username': 'inarvekar'}
{'pid': 4865, 'vms': 691.1484375, 'name': 'chrome', 'username': 'inarvekar'}
{'pid': 4885, 'vms': 752.31640625, 'name': 'chrome', 'username': 'inarvekar'}
{'pid': 4934, 'vms': 700.71484375, 'name': 'chrome', 'username': 'inarvekar'}
{'pid': 4935, 'vms': 2121.93359375, 'name': 'chrome', 'username': 'inarvekar'}
{'pid': 4945, 'vms': 693.78125, 'name': 'chrome', 'username': 'inarvekar'}
{'pid': 4955, 'vms': 734.13671875, 'name': 'chrome', 'username': 'inarvekar'}
{'pid': 4967, 'vms': 750.0703125, 'name': 'chrome', 'username': 'inarvekar'}
{'pid': 4968, 'vms': 712.28515625, 'name': 'chrome', 'username': 'inarvekar'}
{'pid': 4992, 'vms': 779.59375, 'name': 'chrome', 'username': 'inarvekar'}
{'pid': 4996, 'vms': 878.6875, 'name': 'chrome', 'username': 'inarvekar'}
{'pid': 5005, 'vms': 714.78515625, 'name': 'chrome', 'username': 'inarvekar'}
{'pid': 5017, 'vms': 794.9765625, 'name': 'chrome', 'username': 'inarvekar'}
{'pid': 5242, 'vms': 514.8828125, 'name': 'update-notifier', 'username': 'inarvekar'}
{'pid': 5445, 'vms': 425.2578125, 'name': 'deja-dup-monitor', 'username': 'inarvekar'}
{'pid': 5537, 'vms': 416.80859375, 'name': 'gvfsd-network', 'username': 'inarvekar'}
{'pid': 5624, 'vms': 497.25, 'name': 'gvfsd-dnssd', 'username': 'inarvekar'}
{'pid': 6093, 'vms': 958.62890625, 'name': 'chrome', 'username': 'inarvekar'}
{'pid': 6094, 'vms': 1061.828125, 'name': 'chrome', 'username': 'inarvekar'}
{'pid': 6103, 'vms': 840.046875, 'name': 'chrome', 'username': 'inarvekar'}
{'pid': 6104, 'vms': 12274.671875, 'name': 'chrome', 'username': 'inarvekar'}
{'pid': 6127, 'vms': 856.19921875, 'name': 'chrome', 'username': 'inarvekar'}
{'pid': 6134, 'vms': 797.5703125, 'name': 'chrome', 'username': 'inarvekar'}
{'pid': 6135, 'vms': 1244.6171875, 'name': 'chrome', 'username': 'inarvekar'}
{'pid': 6138, 'vms': 799.484375, 'name': 'chrome', 'username': 'inarvekar'}
{'pid': 6164, 'vms': 1795.64453125, 'name': 'chrome', 'username': 'inarvekar'}
{'pid': 6166, 'vms': 791.3359375, 'name': 'chrome', 'username': 'inarvekar'}
{'pid': 6363, 'vms': 4462.453125, 'name': 'spotify', 'username': 'inarvekar'}
{'pid': 6502, 'vms': 487.00390625, 'name': 'spotify', 'username': 'inarvekar'}
{'pid': 6516, 'vms': 903.578125, 'name': 'spotify', 'username': 'inarvekar'}
{'pid': 6533, 'vms': 1845.2890625, 'name': 'spotify', 'username': 'inarvekar'}
{'pid': 6640, 'vms': 764.390625, 'name': 'chrome', 'username': 'inarvekar'}
{'pid': 6714, 'vms': 383.47265625, 'name': 'apache2', 'username': 'www-data'}
{'pid': 6715, 'vms': 383.47265625, 'name': 'apache2', 'username': 'www-data'}
{'pid': 6782, 'vms': 691.5390625, 'name': 'chrome', 'username': 'inarvekar'}
{'pid': 6794, 'vms': 738.81640625, 'name': 'chrome', 'username': 'inarvekar'}
{'pid': 6822, 'vms': 811.3515625, 'name': 'chrome', 'username': 'inarvekar'}
{'pid': 6834, 'vms': 91.3046875, 'name': 'cupsd', 'username': 'root'}
{'pid': 6836, 'vms': 268.5078125, 'name': 'cups-browsed', 'username': 'root'}
{'pid': 7006, 'vms': 209.82421875, 'name': 'snap', 'username': 'inarvekar'}
{'pid': 7139, 'vms': 2943.078125, 'name': 'chrome', 'username': 'inarvekar'}
{'pid': 7178, 'vms': 1479.421875, 'name': 'slack', 'username': 'inarvekar'}
{'pid': 7182, 'vms': 365.2109375, 'name': 'slack', 'username': 'inarvekar'}
{'pid': 7220, 'vms': 486.5625, 'name': 'slack', 'username': 'inarvekar'}
{'pid': 7285, 'vms': 1150.37109375, 'name': 'slack', 'username': 'inarvekar'}
{'pid': 7936, 'vms': 318.52734375, 'name': 'gvfsd-http', 'username': 'inarvekar'}
{'pid': 10613, 'vms': 1506.49609375, 'name': 'code', 'username': 'inarvekar'}
{'pid': 10617, 'vms': 362.8125, 'name': 'code', 'username': 'inarvekar'}
{'pid': 10650, 'vms': 494.7421875, 'name': 'code', 'username': 'inarvekar'}
{'pid': 10663, 'vms': 1526.4453125, 'name': 'code', 'username': 'inarvekar'}
{'pid': 10705, 'vms': 22.3671875, 'name': 'bash', 'username': 'inarvekar'}
{'pid': 10716, 'vms': 1343.77734375, 'name': 'code', 'username': 'inarvekar'}
{'pid': 10734, 'vms': 1015.609375, 'name': 'code', 'username': 'inarvekar'}
{'pid': 10766, 'vms': 1002.16796875, 'name': 'code', 'username': 'inarvekar'}
{'pid': 10827, 'vms': 1149.9296875, 'name': 'code', 'username': 'inarvekar'}
{'pid': 11332, 'vms': 662.36328125, 'name': 'unity-scope-home', 'username': 'inarvekar'}
{'pid': 11344, 'vms': 569.65625, 'name': 'unity-scope-loader', 'username': 'inarvekar'}
{'pid': 11367, 'vms': 503.96875, 'name': 'unity-files-daemon', 'username': 'inarvekar'}
{'pid': 11369, 'vms': 325.8359375, 'name': 'unity-music-daemon', 'username': 'inarvekar'}
{'pid': 12053, 'vms': 0.0, 'name': 'irq/129-mei_me', 'username': 'root'}
{'pid': 12388, 'vms': 15.74609375, 'name': 'dhclient', 'username': 'root'}
{'pid': 13949, 'vms': 1493.62890625, 'name': 'sublime_text', 'username': 'inarvekar'}
{'pid': 13964, 'vms': 1173.30078125, 'name': 'plugin_host', 'username': 'inarvekar'}
{'pid': 13972, 'vms': 601.515625, 'name': 'node', 'username': 'inarvekar'}
{'pid': 14035, 'vms': 139.90234375, 'name': 'python3.5', 'username': 'inarvekar'}
{'pid': 15115, 'vms': 77.94140625, 'name': 'python3', 'username': 'inarvekar'}
{'pid': 15180, 'vms': 22.31640625, 'name': 'bash', 'username': 'inarvekar'}
{'pid': 15640, 'vms': 58.25390625, 'name': 'python3', 'username': 'inarvekar'}
{'pid': 15988, 'vms': 58.37109375, 'name': 'python3', 'username': 'inarvekar'}
{'pid': 18047, 'vms': 897.5390625, 'name': 'chrome', 'username': 'inarvekar'}
{'pid': 18067, 'vms': 657.86328125, 'name': 'gnome-terminal-server', 'username': 'inarvekar'}
{'pid': 18074, 'vms': 22.29296875, 'name': 'bash', 'username': 'inarvekar'}
{'pid': 19910, 'vms': 789.5546875, 'name': 'chrome', 'username': 'inarvekar'}
{'pid': 21591, 'vms': 1183.546875, 'name': 'musixmatch', 'username': 'inarvekar'}
{'pid': 22010, 'vms': 0.0, 'name': 'kworker/1:3', 'username': 'root'}
{'pid': 22021, 'vms': 1026.41796875, 'name': 'code', 'username': 'inarvekar'}
{'pid': 22398, 'vms': 0.0, 'name': 'kworker/3:2', 'username': 'root'}
{'pid': 23022, 'vms': 1841.40234375, 'name': 'ng serve', 'username': 'inarvekar'}
{'pid': 23029, 'vms': 22.2890625, 'name': 'bash', 'username': 'inarvekar'}
{'pid': 23043, 'vms': 599.44921875, 'name': 'node', 'username': 'inarvekar'}
{'pid': 23073, 'vms': 4.3984375, 'name': 'sh', 'username': 'inarvekar'}
{'pid': 23126, 'vms': 616.8203125, 'name': 'node', 'username': 'inarvekar'}
{'pid': 23138, 'vms': 519.3203125, 'name': 'chromedriver', 'username': 'inarvekar'}
{'pid': 23154, 'vms': 0.0, 'name': 'chrome', 'username': 'inarvekar'}
{'pid': 23195, 'vms': 0.0, 'name': 'kworker/u8:0', 'username': 'root'}
{'pid': 23426, 'vms': 519.5078125, 'name': 'chromedriver', 'username': 'inarvekar'}
{'pid': 23434, 'vms': 0.0, 'name': 'chrome', 'username': 'inarvekar'}
{'pid': 23527, 'vms': 977.8515625, 'name': 'chrome', 'username': 'inarvekar'}
{'pid': 23551, 'vms': 666.77734375, 'name': 'chrome', 'username': 'inarvekar'}
{'pid': 23886, 'vms': 27.49609375, 'name': 'uuidd', 'username': 'uuidd'}
{'pid': 24467, 'vms': 943.09375, 'name': 'code', 'username': 'inarvekar'}
{'pid': 24510, 'vms': 3320.98828125, 'name': 'Microsoft.Python.LanguageServer', 'username': 'inarvekar'}
{'pid': 24576, 'vms': 0.0, 'name': 'kworker/2:0', 'username': 'root'}
{'pid': 24825, 'vms': 0.0, 'name': 'kworker/0:1', 'username': 'root'}
{'pid': 26377, 'vms': 0.0, 'name': 'kworker/2:2', 'username': 'root'}
{'pid': 26464, 'vms': 0.0, 'name': 'kworker/u8:1', 'username': 'root'}
{'pid': 26482, 'vms': 0.0, 'name': 'kworker/0:2', 'username': 'root'}
{'pid': 26654, 'vms': 0.0, 'name': 'kworker/1:0', 'username': 'root'}
{'pid': 26670, 'vms': 0.0, 'name': 'kworker/3:1', 'username': 'root'}
{'pid': 26830, 'vms': 0.0, 'name': 'kworker/u8:2', 'username': 'root'}
{'pid': 27018, 'vms': 0.0, 'name': 'kworker/0:0', 'username': 'root'}
{'pid': 27118, 'vms': 0.0, 'name': 'kworker/2:1', 'username': 'root'}
{'pid': 27260, 'vms': 65.34375, 'name': 'python3', 'username': 'inarvekar'}
{'pid': 27297, 'vms': 0.0, 'name': 'kworker/3:0', 'username': 'root'}
{'pid': 27303, 'vms': 0.0, 'name': 'kworker/1:1', 'username': 'root'}
{'pid': 27761, 'vms': 711.38671875, 'name': 'NetworkManager', 'username': 'root'}
{'pid': 27917, 'vms': 51.625, 'name': 'dnsmasq', 'username': 'nobody'}
{'pid': 29948, 'vms': 1548.796875, 'name': 'musixmatch', 'username': 'inarvekar'}
{'pid': 30103, 'vms': 361.70703125, 'name': 'musixmatch', 'username': 'inarvekar'}
{'pid': 30140, 'vms': 1064.9609375, 'name': 'musixmatch', 'username': 'inarvekar'}
{'pid': 31850, 'vms': 22.2109375, 'name': 'bash', 'username': 'inarvekar'}
